mode: set
github.com/gavrylenkoIvan/balance-service/internal/repo/db.go:24.43,26.16 2 0
github.com/gavrylenkoIvan/balance-service/internal/repo/db.go:26.16,28.3 1 0
github.com/gavrylenkoIvan/balance-service/internal/repo/db.go:30.2,32.16 2 0
github.com/gavrylenkoIvan/balance-service/internal/repo/repo.go:12.53,16.2 1 0
github.com/gavrylenkoIvan/balance-service/internal/repo/user.go:29.61,34.2 1 1
github.com/gavrylenkoIvan/balance-service/internal/repo/user.go:36.74,38.16 2 1
github.com/gavrylenkoIvan/balance-service/internal/repo/user.go:38.16,40.3 1 1
github.com/gavrylenkoIvan/balance-service/internal/repo/user.go:42.2,46.16 2 1
github.com/gavrylenkoIvan/balance-service/internal/repo/user.go:46.16,49.3 2 1
github.com/gavrylenkoIvan/balance-service/internal/repo/user.go:51.2,55.16 2 1
github.com/gavrylenkoIvan/balance-service/internal/repo/user.go:55.16,58.3 2 1
github.com/gavrylenkoIvan/balance-service/internal/repo/user.go:60.2,60.29 1 1
github.com/gavrylenkoIvan/balance-service/internal/repo/user.go:63.63,65.16 2 1
github.com/gavrylenkoIvan/balance-service/internal/repo/user.go:65.16,67.3 1 1
github.com/gavrylenkoIvan/balance-service/internal/repo/user.go:69.2,70.16 2 1
github.com/gavrylenkoIvan/balance-service/internal/repo/user.go:70.16,73.3 2 1
github.com/gavrylenkoIvan/balance-service/internal/repo/user.go:75.2,75.25 1 1
github.com/gavrylenkoIvan/balance-service/internal/repo/user.go:78.63,80.16 2 1
github.com/gavrylenkoIvan/balance-service/internal/repo/user.go:80.16,82.3 1 1
github.com/gavrylenkoIvan/balance-service/internal/repo/user.go:84.2,85.16 2 1
github.com/gavrylenkoIvan/balance-service/internal/repo/user.go:85.16,88.3 2 1
github.com/gavrylenkoIvan/balance-service/internal/repo/user.go:90.2,90.29 1 1
github.com/gavrylenkoIvan/balance-service/internal/repo/user.go:93.105,95.2 1 1
github.com/gavrylenkoIvan/balance-service/internal/repo/user.go:97.105,99.2 1 1
github.com/gavrylenkoIvan/balance-service/internal/repo/user.go:101.116,106.16 4 1
github.com/gavrylenkoIvan/balance-service/internal/repo/user.go:106.16,108.3 1 1
github.com/gavrylenkoIvan/balance-service/internal/repo/user.go:110.2,110.47 1 1
github.com/gavrylenkoIvan/balance-service/internal/repo/user.go:110.47,112.3 1 1
github.com/gavrylenkoIvan/balance-service/internal/repo/user.go:114.2,118.16 3 1
github.com/gavrylenkoIvan/balance-service/internal/repo/user.go:118.16,120.3 1 1
github.com/gavrylenkoIvan/balance-service/internal/repo/user.go:122.2,123.16 2 1
github.com/gavrylenkoIvan/balance-service/internal/repo/user.go:123.16,125.3 1 1
github.com/gavrylenkoIvan/balance-service/internal/repo/user.go:127.2,127.19 1 1
github.com/gavrylenkoIvan/balance-service/internal/repo/user.go:127.19,129.3 1 1
github.com/gavrylenkoIvan/balance-service/internal/repo/user.go:131.2,135.16 3 1
github.com/gavrylenkoIvan/balance-service/internal/repo/user.go:135.16,137.3 1 1
github.com/gavrylenkoIvan/balance-service/internal/repo/user.go:139.2,140.16 2 1
github.com/gavrylenkoIvan/balance-service/internal/repo/user.go:140.16,142.3 1 1
github.com/gavrylenkoIvan/balance-service/internal/repo/user.go:144.2,144.16 1 1
github.com/gavrylenkoIvan/balance-service/internal/repo/user.go:144.16,146.3 1 1
github.com/gavrylenkoIvan/balance-service/internal/repo/user.go:148.2,148.19 1 1
github.com/gavrylenkoIvan/balance-service/internal/repo/user.go:148.19,150.3 1 1
github.com/gavrylenkoIvan/balance-service/internal/repo/user.go:150.8,152.3 1 1
github.com/gavrylenkoIvan/balance-service/internal/repo/user.go:155.92,161.16 4 1
github.com/gavrylenkoIvan/balance-service/internal/repo/user.go:161.16,162.27 1 1
github.com/gavrylenkoIvan/balance-service/internal/repo/user.go:162.27,164.4 1 1
github.com/gavrylenkoIvan/balance-service/internal/repo/user.go:165.3,165.18 1 1
github.com/gavrylenkoIvan/balance-service/internal/repo/user.go:168.2,169.41 2 1
github.com/gavrylenkoIvan/balance-service/internal/repo/user.go:169.41,171.17 2 1
github.com/gavrylenkoIvan/balance-service/internal/repo/user.go:171.17,173.4 1 1
github.com/gavrylenkoIvan/balance-service/internal/repo/user.go:175.3,181.5 1 1
github.com/gavrylenkoIvan/balance-service/internal/repo/user.go:184.2,184.20 1 1
github.com/gavrylenkoIvan/balance-service/internal/repo/user.go:187.56,191.16 4 1
github.com/gavrylenkoIvan/balance-service/internal/repo/user.go:191.16,192.27 1 1
github.com/gavrylenkoIvan/balance-service/internal/repo/user.go:192.27,194.4 1 1
github.com/gavrylenkoIvan/balance-service/internal/repo/user.go:196.3,196.16 1 1
github.com/gavrylenkoIvan/balance-service/internal/repo/user.go:199.2,200.21 2 1
github.com/gavrylenkoIvan/balance-service/internal/handler/handler.go:18.66,23.2 1 1
github.com/gavrylenkoIvan/balance-service/internal/handler/handler.go:25.43,38.2 9 0
github.com/gavrylenkoIvan/balance-service/internal/handler/user.go:29.50,31.39 2 1
github.com/gavrylenkoIvan/balance-service/internal/handler/user.go:31.39,33.3 1 1
github.com/gavrylenkoIvan/balance-service/internal/handler/user.go:35.2,35.23 1 1
github.com/gavrylenkoIvan/balance-service/internal/handler/user.go:35.23,37.3 1 1
github.com/gavrylenkoIvan/balance-service/internal/handler/user.go:37.8,37.28 1 1
github.com/gavrylenkoIvan/balance-service/internal/handler/user.go:37.28,39.3 1 1
github.com/gavrylenkoIvan/balance-service/internal/handler/user.go:41.2,42.16 2 1
github.com/gavrylenkoIvan/balance-service/internal/handler/user.go:42.16,44.3 1 1
github.com/gavrylenkoIvan/balance-service/internal/handler/user.go:46.2,49.4 1 1
github.com/gavrylenkoIvan/balance-service/internal/handler/user.go:64.47,66.39 2 1
github.com/gavrylenkoIvan/balance-service/internal/handler/user.go:66.39,68.3 1 1
github.com/gavrylenkoIvan/balance-service/internal/handler/user.go:70.2,70.23 1 1
github.com/gavrylenkoIvan/balance-service/internal/handler/user.go:70.23,72.3 1 1
github.com/gavrylenkoIvan/balance-service/internal/handler/user.go:74.2,75.16 2 1
github.com/gavrylenkoIvan/balance-service/internal/handler/user.go:75.16,77.3 1 1
github.com/gavrylenkoIvan/balance-service/internal/handler/user.go:79.2,82.4 1 1
github.com/gavrylenkoIvan/balance-service/internal/handler/user.go:97.47,99.39 2 1
github.com/gavrylenkoIvan/balance-service/internal/handler/user.go:99.39,101.3 1 1
github.com/gavrylenkoIvan/balance-service/internal/handler/user.go:103.2,103.23 1 1
github.com/gavrylenkoIvan/balance-service/internal/handler/user.go:103.23,105.3 1 1
github.com/gavrylenkoIvan/balance-service/internal/handler/user.go:107.2,108.16 2 1
github.com/gavrylenkoIvan/balance-service/internal/handler/user.go:108.16,110.3 1 1
github.com/gavrylenkoIvan/balance-service/internal/handler/user.go:112.2,115.4 1 1
github.com/gavrylenkoIvan/balance-service/internal/handler/user.go:129.52,131.16 2 1
github.com/gavrylenkoIvan/balance-service/internal/handler/user.go:131.16,133.3 1 1
github.com/gavrylenkoIvan/balance-service/internal/handler/user.go:135.2,135.17 1 1
github.com/gavrylenkoIvan/balance-service/internal/handler/user.go:135.17,137.3 1 1
github.com/gavrylenkoIvan/balance-service/internal/handler/user.go:139.2,140.16 2 1
github.com/gavrylenkoIvan/balance-service/internal/handler/user.go:140.16,142.3 1 1
github.com/gavrylenkoIvan/balance-service/internal/handler/user.go:144.2,147.4 1 1
github.com/gavrylenkoIvan/balance-service/internal/handler/user.go:161.57,163.16 2 1
github.com/gavrylenkoIvan/balance-service/internal/handler/user.go:163.16,165.3 1 1
github.com/gavrylenkoIvan/balance-service/internal/handler/user.go:167.2,167.17 1 1
github.com/gavrylenkoIvan/balance-service/internal/handler/user.go:167.17,169.3 1 1
github.com/gavrylenkoIvan/balance-service/internal/handler/user.go:171.2,174.16 3 1
github.com/gavrylenkoIvan/balance-service/internal/handler/user.go:174.16,176.3 1 1
github.com/gavrylenkoIvan/balance-service/internal/handler/user.go:178.2,179.41 2 1
github.com/gavrylenkoIvan/balance-service/internal/handler/user.go:179.41,181.3 1 1
github.com/gavrylenkoIvan/balance-service/internal/handler/user.go:183.2,183.38 1 1
